[2026-01-05 12:18:25] INFO: GET /
[2026-01-05 14:47:09] INFO: GET /
[2026-01-05 14:47:10] INFO: GET /
[2026-01-05 14:51:20] INFO: GET /
[2026-01-05 14:51:23] INFO: GET /send_note
[2026-01-05 14:51:25] INFO: GET /delete_note
[2026-01-05 14:53:41] INFO: GET /
[2026-01-05 14:53:42] INFO: GET /
[2026-01-05 14:53:42] INFO: GET /send_note
[2026-01-05 14:53:43] INFO: GET /delete_note
[2026-01-05 14:53:45] INFO: GET /send_note
[2026-01-05 14:53:45] INFO: GET /delete_note
[2026-01-05 14:53:45] INFO: GET /send_note
[2026-01-05 14:53:46] INFO: GET /delete_note
[2026-01-05 14:53:46] INFO: GET /send_note
[2026-01-05 14:53:47] INFO: GET /delete_note
[2026-01-05 14:53:47] INFO: GET /send_note
[2026-01-05 14:53:48] INFO: GET /delete_note
[2026-01-05 14:53:48] INFO: GET /send_note
[2026-01-05 14:54:04] INFO: GET /send_note
[2026-01-05 14:54:07] INFO: GET /send_note
[2026-01-05 14:54:07] INFO: GET /send_note
[2026-01-05 14:54:08] INFO: GET /delete_note
[2026-01-05 14:54:09] INFO: GET /send_note
[2026-01-05 14:54:09] INFO: GET /delete_note
[2026-01-05 14:54:09] INFO: GET /send_note
[2026-01-05 14:54:10] INFO: GET /delete_note
[2026-01-05 14:54:10] INFO: GET /send_note
[2026-01-05 14:54:11] INFO: GET /delete_note
[2026-01-05 14:54:11] INFO: GET /send_note
[2026-01-05 14:54:49] INFO: GET /delete_note
[2026-01-05 14:54:49] INFO: GET /send_note
[2026-01-05 14:54:49] INFO: GET /delete_note
[2026-01-05 14:54:51] INFO: GET /send_note
[2026-01-05 14:54:51] INFO: GET /delete_note
[2026-01-05 14:54:51] INFO: GET /send_note
[2026-01-05 14:54:52] INFO: GET /send_note
[2026-01-05 14:54:52] INFO: GET /send_note
[2026-01-05 14:54:52] INFO: GET /send_note
[2026-01-05 14:54:53] INFO: GET /delete_note
[2026-01-05 14:54:53] INFO: GET /send_note
[2026-01-05 14:54:53] INFO: GET /delete_note
[2026-01-05 14:54:54] INFO: GET /send_note
[2026-01-05 14:54:54] INFO: GET /send_note
[2026-01-05 14:59:22] INFO: GET /send_note
[2026-01-05 14:59:28] INFO: GET /send_note
[2026-01-05 14:59:28] INFO: GET /send_note
[2026-01-05 14:59:29] INFO: GET /send_note
[2026-01-05 14:59:58] INFO: GET /
[2026-01-05 15:00:06] INFO: GET /
[2026-01-05 15:02:29] INFO: GET /
[2026-01-05 15:03:46] INFO: GET /
[2026-01-05 15:04:11] INFO: GET /
[2026-01-05 15:04:28] INFO: GET /
[2026-01-05 15:04:38] INFO: GET /
[2026-01-05 15:04:48] INFO: GET /
[2026-01-05 15:04:58] INFO: GET /
[2026-01-05 15:04:59] INFO: GET /
[2026-01-05 15:04:59] INFO: GET /
[2026-01-05 15:05:09] INFO: GET /
[2026-01-05 15:05:10] INFO: GET /
[2026-01-05 15:05:15] INFO: GET /
[2026-01-05 15:05:23] INFO: GET /
[2026-01-05 15:05:42] INFO: GET /
[2026-01-05 15:06:18] INFO: GET /
[2026-01-05 15:06:30] INFO: GET /
[2026-01-05 15:06:40] INFO: GET /
[2026-01-05 15:07:32] INFO: GET /
[2026-01-05 15:07:48] INFO: GET /
[2026-01-05 15:07:54] INFO: GET /
[2026-01-05 15:07:54] INFO: GET /
[2026-01-05 15:07:56] INFO: GET /
[2026-01-05 15:08:06] INFO: GET /
[2026-01-05 15:08:06] INFO: GET /
[2026-01-05 15:08:32] INFO: GET /
[2026-01-05 15:08:40] INFO: GET /
[2026-01-05 15:08:45] INFO: GET /
[2026-01-05 15:09:00] INFO: GET /
[2026-01-05 15:09:56] INFO: GET /
[2026-01-05 15:10:10] INFO: GET /
[2026-01-05 15:11:54] INFO: GET /
[2026-01-05 15:12:27] INFO: GET /
[2026-01-05 15:14:13] INFO: GET /
[2026-01-05 15:15:01] INFO: GET /
[2026-01-05 15:15:09] INFO: GET /
[2026-01-05 15:15:28] INFO: GET /
[2026-01-05 15:15:47] INFO: GET /
[2026-01-05 15:16:12] INFO: GET /delete_note
[2026-01-05 15:16:13] INFO: GET /send_note
[2026-01-05 15:16:14] INFO: GET /delete_note
[2026-01-05 15:16:15] INFO: GET /send_note
[2026-01-05 15:16:16] INFO: GET /delete_note
[2026-01-05 15:16:17] INFO: GET /send_note
[2026-01-05 15:16:18] INFO: GET /delete_note
[2026-01-05 15:18:30] INFO: GET /send_note
[2026-01-05 15:20:11] INFO: GET /delete_note
[2026-01-05 15:20:12] INFO: GET /delete_note
[2026-01-05 15:20:17] INFO: GET /
[2026-01-05 15:20:19] INFO: GET /send_note
[2026-01-05 15:20:20] INFO: GET /delete_note
[2026-01-05 15:20:21] INFO: GET /send_note
[2026-01-05 15:20:21] INFO: GET /delete_note
[2026-01-05 15:20:44] INFO: GET /send_note
[2026-01-05 15:20:44] INFO: GET /delete_note
[2026-01-05 15:20:45] INFO: GET /delete_note
[2026-01-05 15:20:46] INFO: GET /send_note
[2026-01-05 15:20:46] INFO: GET /delete_note
[2026-01-05 15:20:47] INFO: GET /delete_note
[2026-01-05 15:20:48] INFO: GET /send_note
[2026-01-05 15:20:49] INFO: GET /delete_note
[2026-01-05 15:20:49] INFO: GET /send_note
[2026-01-05 15:20:49] INFO: GET /delete_note
[2026-01-05 15:29:21] INFO: GET /delete_note
[2026-01-05 15:33:50] INFO: GET /delete_note
[2026-01-05 15:33:52] INFO: GET /send_note
[2026-01-05 15:33:53] INFO: GET /delete_note
[2026-01-05 15:33:53] INFO: GET /send_note
[2026-01-05 15:33:54] INFO: GET /delete_note
[2026-01-05 15:34:06] INFO: GET /delete_note
[2026-01-05 15:34:06] INFO: GET /send_note
[2026-01-05 15:34:08] INFO: GET /delete_note
[2026-01-05 15:34:08] INFO: GET /send_note
[2026-01-05 15:34:10] INFO: GET /delete_note
[2026-01-05 15:36:53] INFO: GET /delete_note
[2026-01-05 15:39:59] INFO: GET /delete_note
[2026-01-05 15:40:35] INFO: GET /delete_note
[2026-01-05 15:40:47] INFO: GET /delete_note
[2026-01-05 15:42:14] INFO: GET /delete_note
[2026-01-05 15:42:22] INFO: GET /delete_note
[2026-01-05 15:42:36] INFO: GET /delete_note
[2026-01-05 15:42:46] INFO: GET /delete_note
[2026-01-05 15:42:53] INFO: GET /delete_note
[2026-01-05 15:43:16] INFO: GET /delete_note
[2026-01-05 15:43:24] INFO: GET /delete_note
[2026-01-05 15:43:26] INFO: POST /form
[2026-01-05 16:02:10] INFO: GET /
[2026-01-05 16:02:12] INFO: GET /send_note
[2026-01-05 16:02:13] INFO: GET /delete_note
[2026-01-05 16:02:17] INFO: POST /form
[2026-01-05 16:03:17] INFO: POST /form
[2026-01-08 09:56:09] INFO: GET /
[2026-01-13 13:20:28] INFO: GET /
[2026-01-13 13:43:28] INFO: GET /
[2026-01-13 13:43:31] INFO: GET /
[2026-01-13 13:45:44] INFO: GET /
[2026-01-13 13:45:45] INFO: GET /send_note
[2026-01-13 13:45:46] INFO: GET /delete_note
[2026-01-13 13:45:47] INFO: GET /send_note
[2026-01-29 10:20:55] INFO: GET /
[2026-01-29 10:22:30] INFO: GET /
[2026-01-29 10:22:33] INFO: GET /
[2026-01-29 10:28:51] INFO: GET /
[2026-01-29 10:29:21] INFO: GET /
[2026-01-29 10:29:24] INFO: GET /delete_note
[2026-01-29 10:30:06] INFO: GET /
[2026-01-29 10:30:18] INFO: GET /
[2026-01-29 10:32:17] INFO: GET /
[2026-01-29 10:32:42] INFO: GET /
[2026-01-29 11:13:21] INFO: GET /
[2026-01-29 11:13:35] INFO: GET /
[2026-01-29 11:13:52] INFO: GET /
[2026-01-29 11:14:22] INFO: GET /
[2026-01-29 11:14:29] INFO: GET /
[2026-01-29 11:14:50] INFO: GET /
[2026-01-29 11:15:04] INFO: GET /
[2026-01-29 11:34:00] INFO: GET /
[2026-01-29 11:34:02] INFO: GET /delete_note
[2026-01-29 11:34:08] INFO: GET /delete_note
[2026-01-29 11:34:09] INFO: GET /delete_note
[2026-01-29 11:34:10] INFO: GET /send_note
[2026-01-29 11:34:11] INFO: GET /send_note
[2026-01-29 11:39:14] INFO: GET /send_note
[2026-01-29 11:44:44] INFO: GET /send_note
[2026-01-29 11:44:55] INFO: GET /send_note
[2026-01-29 11:44:55] INFO: GET /send_note
[2026-01-29 11:45:00] INFO: GET /send_note
[2026-01-29 11:45:00] INFO: GET /send_note
[2026-01-29 11:47:18] INFO: GET /
[2026-01-29 11:48:46] INFO: GET /
[2026-01-29 11:48:51] INFO: GET /
[2026-01-29 11:49:24] INFO: GET /
[2026-01-29 11:51:12] INFO: GET /
[2026-01-29 11:51:53] INFO: GET /
[2026-01-29 11:51:57] INFO: GET /send_note
[2026-01-29 11:51:58] INFO: GET /send_note
[2026-01-29 11:52:17] INFO: GET /send_note
[2026-01-29 11:52:18] INFO: GET /send_note
[2026-01-29 11:52:24] INFO: GET /send_note
[2026-01-29 11:52:25] INFO: GET /send_note
[2026-01-29 11:52:37] INFO: GET /send_note
[2026-01-29 11:53:06] INFO: GET /send_note
[2026-01-29 11:53:07] INFO: GET /delete_note
[2026-01-29 11:53:27] INFO: GET /
[2026-01-29 11:53:28] INFO: GET /note/send
[2026-01-29 11:54:19] INFO: GET /
[2026-01-29 11:54:20] INFO: GET /note/send
[2026-01-29 11:54:24] INFO: GET /note/delete
[2026-01-29 11:54:47] INFO: GET /note/send
[2026-01-29 11:57:26] INFO: GET /
[2026-01-29 11:57:29] INFO: GET /note/send
[2026-01-29 11:57:34] INFO: GET /
[2026-01-29 12:05:02] INFO: GET /
[2026-01-29 13:22:49] INFO: GET /
[2026-01-29 13:31:27] INFO: GET /
[2026-01-29 13:32:28] INFO: GET /
[2026-01-29 13:36:25] INFO: GET /
[2026-01-29 13:36:41] INFO: GET /
[2026-01-29 13:38:05] INFO: GET /
[2026-01-29 13:50:21] INFO: GET /
[2026-01-29 13:51:56] INFO: GET /
[2026-01-29 13:52:36] INFO: GET /
[2026-01-29 13:53:14] INFO: GET /
[2026-01-29 13:53:34] INFO: GET /
[2026-01-29 13:53:38] INFO: GET /note/send
[2026-01-29 14:33:26] INFO: GET /
[2026-01-29 14:33:28] INFO: GET /
[2026-01-29 14:33:29] INFO: GET /
[2026-01-29 14:33:30] INFO: GET /send_note
[2026-01-29 14:33:31] INFO: GET /send_note
[2026-01-29 14:33:32] INFO: GET /delete_note
[2026-01-29 14:33:33] INFO: GET /send_note
[2026-01-29 14:33:34] INFO: GET /delete_note
[2026-01-29 14:33:34] INFO: GET /send_note
[2026-01-29 14:33:39] INFO: POST /form
[2026-01-29 14:34:46] INFO: POST /form
[2026-01-29 14:34:50] INFO: GET /send_note
[2026-01-29 14:34:55] INFO: POST /note/send
[2026-01-29 14:35:47] INFO: POST /note/send
[2026-01-29 14:50:34] INFO: POST /note/send
[2026-01-29 14:57:25] INFO: POST /note/send
[2026-01-29 14:59:33] INFO: POST /note/send
[2026-01-29 15:00:09] INFO: POST /note/send
[2026-01-29 15:00:11] INFO: GET /send_note
[2026-01-29 15:00:13] INFO: GET /send_note
[2026-01-29 15:00:54] INFO: POST /note/send
[2026-01-29 15:02:16] INFO: POST /note/send
[2026-01-29 15:06:30] INFO: POST /note/send
[2026-01-29 15:17:10] INFO: POST /note/send
[2026-01-29 15:19:14] INFO: POST /note/send
